{"/home/ritika/devops-lab-app/app.js": {"path":"/home/ritika/devops-lab-app/app.js","statementMap":{"0":{"start":{"line":1,"column":16},"end":{"line":1,"column":34}},"1":{"start":{"line":2,"column":16},"end":{"line":2,"column":25}},"2":{"start":{"line":3,"column":16},"end":{"line":3,"column":40}},"3":{"start":{"line":5,"column":0},"end":{"line":12,"column":3}},"4":{"start":{"line":6,"column":2},"end":{"line":11,"column":5}},"5":{"start":{"line":14,"column":0},"end":{"line":16,"column":3}},"6":{"start":{"line":15,"column":2},"end":{"line":15,"column":41}},"7":{"start":{"line":18,"column":0},"end":{"line":20,"column":3}},"8":{"start":{"line":19,"column":2},"end":{"line":19,"column":45}},"9":{"start":{"line":22,"column":0},"end":{"line":22,"column":21}}},"fnMap":{"0":{"name":"(anonymous_0)","decl":{"start":{"line":5,"column":13},"end":{"line":5,"column":14}},"loc":{"start":{"line":5,"column":27},"end":{"line":12,"column":1}},"line":5},"1":{"name":"(anonymous_1)","decl":{"start":{"line":14,"column":19},"end":{"line":14,"column":20}},"loc":{"start":{"line":14,"column":33},"end":{"line":16,"column":1}},"line":14},"2":{"name":"(anonymous_2)","decl":{"start":{"line":18,"column":17},"end":{"line":18,"column":18}},"loc":{"start":{"line":18,"column":23},"end":{"line":20,"column":1}},"line":18}},"branchMap":{"0":{"loc":{"start":{"line":3,"column":16},"end":{"line":3,"column":40}},"type":"binary-expr","locations":[{"start":{"line":3,"column":16},"end":{"line":3,"column":32}},{"start":{"line":3,"column":36},"end":{"line":3,"column":40}}],"line":3},"1":{"loc":{"start":{"line":8,"column":13},"end":{"line":8,"column":47}},"type":"binary-expr","locations":[{"start":{"line":8,"column":13},"end":{"line":8,"column":36}},{"start":{"line":8,"column":40},"end":{"line":8,"column":47}}],"line":8},"2":{"loc":{"start":{"line":9,"column":17},"end":{"line":9,"column":52}},"type":"binary-expr","locations":[{"start":{"line":9,"column":17},"end":{"line":9,"column":41}},{"start":{"line":9,"column":45},"end":{"line":9,"column":52}}],"line":9}},"s":{"0":1,"1":1,"2":1,"3":1,"4":1,"5":1,"6":1,"7":1,"8":1,"9":1},"f":{"0":1,"1":1,"2":1},"b":{"0":[1,1],"1":[1,1],"2":[1,1]},"_coverageSchema":"1a1c01bbd47fc00a2c39e90264f33305004495a9","hash":"447b012658892df065ac025efa0e4c27a7ca3ed7"}
}
